#-----------------------------------------------------------
# Vivado v2014.2 (64-bit)
# SW Build 932637 on Wed Jun 11 13:33:10 MDT 2014
# IP Build 924643 on Fri May 30 09:20:16 MDT 2014
# Start of session at: Fri Nov 29 19:14:59 2024
# Process ID: 8332
# Log file: C:/Users/Admin/Desktop/New folder/Code & Software/Vivado/Heart Rate Monitor/vivado.log
# Journal file: C:/Users/Admin/Desktop/New folder/Code & Software/Vivado/Heart Rate Monitor\vivado.jou
#-----------------------------------------------------------
start_gui
open_project {C:\Users\Admin\Desktop\New folder\Code & Software\Vivado\Heart Rate Monitor\Heart Rate Monitor.xpr}
Scanning sources...
Finished scanning sources
INFO: [IP_Flow 19-234] Refreshing IP repositories
INFO: [IP_Flow 19-1704] No user IP repositories specified
INFO: [IP_Flow 19-2313] Loaded Vivado IP repository 'C:/Xilinx/Vivado/2014.2/data/ip'.
open_project: Time (s): cpu = 00:00:05 ; elapsed = 00:00:05 . Memory (MB): peak = 857.352 ; gain = 44.223
update_compile_order -fileset sources_1
exit
INFO: [Common 17-206] Exiting Vivado at Fri Nov 29 19:38:16 2024...
